android/build/intermediates/manifest_merge_blame_file/release/manifest-merger-blame-release-report.txt
1<?xml version="1.0" encoding="utf-8"?>
2<manifest xmlns:android="http://schemas.android.com/apk/res/android"
3    package="com.monstertruck.arena"
4    android:versionCode="3"
5    android:versionName="1.2" >
6
7    <uses-sdk
8        android:minSdkVersion="24"
9        android:targetSdkVersion="36" />
10
11    <queries>
11-->[com.google.android.gms:play-services-games-v2:20.1.2] AndroidManifest.xml:7:5-10:15
12        <package android:name="com.google.android.gms" />
12-->[com.google.android.gms:play-services-games-v2:20.1.2] AndroidManifest.xml:8:9-58
12-->[com.google.android.gms:play-services-games-v2:20.1.2] AndroidManifest.xml:8:18-55
13        <package android:name="com.android.vending" />
13-->[com.google.android.gms:play-services-games-v2:20.1.2] AndroidManifest.xml:9:9-55
13-->[com.google.android.gms:play-services-games-v2:20.1.2] AndroidManifest.xml:9:18-52
14        <!-- For browser content -->
15        <intent>
15-->[com.google.android.gms:play-services-ads-api:25.0.0] AndroidManifest.xml:38:9-44:18
16            <action android:name="android.intent.action.VIEW" />
16-->[com.google.android.gms:play-services-ads-api:25.0.0] AndroidManifest.xml:39:13-65
16-->[com.google.android.gms:play-services-ads-api:25.0.0] AndroidManifest.xml:39:21-62
17
18            <category android:name="android.intent.category.BROWSABLE" />
18-->[com.google.android.gms:play-services-ads-api:25.0.0] AndroidManifest.xml:41:13-74
18-->[com.google.android.gms:play-services-ads-api:25.0.0] AndroidManifest.xml:41:23-71
19
20            <data android:scheme="https" />
20-->[com.google.android.gms:play-services-ads-api:25.0.0] AndroidManifest.xml:43:13-44
20-->[com.google.android.gms:play-services-ads-api:25.0.0] AndroidManifest.xml:43:19-41
21        </intent> <!-- End of browser content -->
22        <!-- For CustomTabsService -->
23        <intent>
23-->[com.google.android.gms:play-services-ads-api:25.0.0] AndroidManifest.xml:47:9-49:18
24            <action android:name="android.support.customtabs.action.CustomTabsService" />
24-->[com.google.android.gms:play-services-ads-api:25.0.0] AndroidManifest.xml:48:13-90
24-->[com.google.android.gms:play-services-ads-api:25.0.0] AndroidManifest.xml:48:21-87
25        </intent> <!-- End of CustomTabsService -->
26        <!-- For MRAID capabilities -->
27        <intent>
27-->[com.google.android.gms:play-services-ads-api:25.0.0] AndroidManifest.xml:52:9-56:18
28            <action android:name="android.intent.action.INSERT" />
28-->[com.google.android.gms:play-services-ads-api:25.0.0] AndroidManifest.xml:53:13-67
28-->[com.google.android.gms:play-services-ads-api:25.0.0] AndroidManifest.xml:53:21-64
29
30            <data android:mimeType="vnd.android.cursor.dir/event" />
30-->[com.google.android.gms:play-services-ads-api:25.0.0] AndroidManifest.xml:43:13-44
31        </intent>
32        <intent>
32-->[com.google.android.gms:play-services-ads-api:25.0.0] AndroidManifest.xml:57:9-61:18
33            <action android:name="android.intent.action.VIEW" />
33-->[com.google.android.gms:play-services-ads-api:25.0.0] AndroidManifest.xml:39:13-65
33-->[com.google.android.gms:play-services-ads-api:25.0.0] AndroidManifest.xml:39:21-62
34
35            <data android:scheme="sms" />
35-->[com.google.android.gms:play-services-ads-api:25.0.0] AndroidManifest.xml:43:13-44
35-->[com.google.android.gms:play-services-ads-api:25.0.0] AndroidManifest.xml:43:19-41
36        </intent>
37        <intent>
37-->[com.google.android.gms:play-services-ads-api:25.0.0] AndroidManifest.xml:62:9-66:18
38            <action android:name="android.intent.action.DIAL" />
38-->[com.google.android.gms:play-services-ads-api:25.0.0] AndroidManifest.xml:63:13-65
38-->[com.google.android.gms:play-services-ads-api:25.0.0] AndroidManifest.xml:63:21-62
39
40            <data android:path="tel:" />
40-->[com.google.android.gms:play-services-ads-api:25.0.0] AndroidManifest.xml:43:13-44
41        </intent>
42    </queries> <!-- Include required permissions for Google Mobile Ads to run -->
43    <uses-permission android:name="android.permission.INTERNET" />
43-->[com.google.android.gms:play-services-ads-api:25.0.0] AndroidManifest.xml:24:5-67
43-->[com.google.android.gms:play-services-ads-api:25.0.0] AndroidManifest.xml:24:22-64
44    <uses-permission android:name="android.permission.ACCESS_NETWORK_STATE" />
44-->[com.google.android.gms:play-services-ads-api:25.0.0] AndroidManifest.xml:25:5-79
44-->[com.google.android.gms:play-services-ads-api:25.0.0] AndroidManifest.xml:25:22-76
45    <uses-permission android:name="com.google.android.gms.permission.AD_ID" />
45-->[com.google.android.gms:play-services-ads-api:25.0.0] AndroidManifest.xml:26:5-79
45-->[com.google.android.gms:play-services-ads-api:25.0.0] AndroidManifest.xml:26:22-76
46    <uses-permission android:name="android.permission.ACCESS_ADSERVICES_AD_ID" />
46-->[com.google.android.gms:play-services-ads-api:25.0.0] AndroidManifest.xml:27:5-82
46-->[com.google.android.gms:play-services-ads-api:25.0.0] AndroidManifest.xml:27:22-79
47    <uses-permission android:name="android.permission.ACCESS_ADSERVICES_ATTRIBUTION" />
47-->[com.google.android.gms:play-services-ads-api:25.0.0] AndroidManifest.xml:28:5-88
47-->[com.google.android.gms:play-services-ads-api:25.0.0] AndroidManifest.xml:28:22-85
48    <uses-permission android:name="android.permission.ACCESS_ADSERVICES_TOPICS" />
48-->[com.google.android.gms:play-services-ads-api:25.0.0] AndroidManifest.xml:29:5-83
48-->[com.google.android.gms:play-services-ads-api:25.0.0] AndroidManifest.xml:29:22-80
49    <uses-permission android:name="android.permission.WAKE_LOCK" />
49-->[com.google.android.gms:play-services-measurement-sdk-api:20.1.2] AndroidManifest.xml:25:5-68
49-->[com.google.android.gms:play-services-measurement-sdk-api:20.1.2] AndroidManifest.xml:25:22-65
50    <uses-permission android:name="android.permission.FOREGROUND_SERVICE" />
50-->[androidx.work:work-runtime:2.7.0] AndroidManifest.xml:28:5-77
50-->[androidx.work:work-runtime:2.7.0] AndroidManifest.xml:28:22-74
51
52    <permission
52-->[androidx.core:core:1.10.1] AndroidManifest.xml:22:5-24:47
53        android:name="com.monstertruck.arena.DYNAMIC_RECEIVER_NOT_EXPORTED_PERMISSION"
53-->[androidx.core:core:1.10.1] AndroidManifest.xml:23:9-81
54        android:protectionLevel="signature" />
54-->[androidx.core:core:1.10.1] AndroidManifest.xml:24:9-44
55
56    <uses-permission android:name="com.monstertruck.arena.DYNAMIC_RECEIVER_NOT_EXPORTED_PERMISSION" />
56-->[androidx.core:core:1.10.1] AndroidManifest.xml:26:5-97
56-->[androidx.core:core:1.10.1] AndroidManifest.xml:26:22-94
57
58    <application
58-->android\AndroidManifest.xml:4:5-42:19
59        android:allowBackup="true"
59-->android\AndroidManifest.xml:5:9-35
60        android:appComponentFactory="androidx.core.app.CoreComponentFactory"
60-->[androidx.core:core:1.10.1] AndroidManifest.xml:28:18-86
61        android:extractNativeLibs="false"
62        android:fullBackupContent="true"
62-->android\AndroidManifest.xml:6:9-41
63        android:icon="@drawable/ic_launcher"
63-->android\AndroidManifest.xml:7:9-45
64        android:label="@string/app_name"
64-->android\AndroidManifest.xml:8:9-41
65        android:theme="@style/GdxTheme" >
65-->android\AndroidManifest.xml:9:9-40
66
67        <!-- Google Play Games -->
68        <meta-data
68-->android\AndroidManifest.xml:12:9-14:46
69            android:name="com.google.android.gms.games.APP_ID"
69-->android\AndroidManifest.xml:13:13-63
70            android:value="@string/app_id" />
70-->android\AndroidManifest.xml:14:13-43
71
72        <!-- AdMob -->
73        <meta-data
73-->android\AndroidManifest.xml:17:9-19:51
74            android:name="com.google.android.gms.ads.APPLICATION_ID"
74-->android\AndroidManifest.xml:18:13-69
75            android:value="@string/adMob_app_id" />
75-->android\AndroidManifest.xml:19:13-49
76        <meta-data
76-->android\AndroidManifest.xml:20:9-22:69
77            android:name="com.google.android.gms.version"
77-->android\AndroidManifest.xml:21:13-58
78            android:value="@integer/google_play_services_version" />
78-->android\AndroidManifest.xml:22:13-66
79
80        <activity
80-->android\AndroidManifest.xml:23:9-26:64
81            android:name="com.google.android.gms.ads.AdActivity"
81-->android\AndroidManifest.xml:24:13-65
82            android:configChanges="keyboard|keyboardHidden|orientation|screenLayout|uiMode|screenSize|smallestScreenSize"
82-->android\AndroidManifest.xml:25:13-122
83            android:enableOnBackInvokedCallback="false"
83-->[com.google.android.gms:play-services-ads-api:25.0.0] AndroidManifest.xml:76:13-56
84            android:exported="false"
84-->[com.google.android.gms:play-services-ads-api:25.0.0] AndroidManifest.xml:77:13-37
85            android:theme="@android:style/Theme.Translucent" />
85-->android\AndroidManifest.xml:26:13-61
86
87        <!-- Launcher -->
88        <activity
88-->android\AndroidManifest.xml:29:9-40:20
89            android:name="com.monstertruck.arena.AndroidLauncher"
89-->android\AndroidManifest.xml:31:13-66
90            android:configChanges="keyboard|keyboardHidden|orientation|screenSize"
90-->android\AndroidManifest.xml:32:13-83
91            android:exported="true"
91-->android\AndroidManifest.xml:30:13-36
92            android:label="@string/app_name"
92-->android\AndroidManifest.xml:33:13-45
93            android:screenOrientation="sensorLandscape" >
93-->android\AndroidManifest.xml:34:13-56
94            <intent-filter>
94-->android\AndroidManifest.xml:35:13-39:29
95                <action android:name="android.intent.action.MAIN" />
95-->android\AndroidManifest.xml:36:17-69
95-->android\AndroidManifest.xml:36:25-66
96
97                <category android:name="android.intent.category.LAUNCHER" />
97-->android\AndroidManifest.xml:38:17-77
97-->android\AndroidManifest.xml:38:27-74
98            </intent-filter>
99        </activity>
100
101        <provider
101-->[com.google.android.gms:play-services-games-v2:20.1.2] AndroidManifest.xml:13:9-17:38
102            android:name="com.google.android.gms.games.provider.PlayGamesInitProvider"
102-->[com.google.android.gms:play-services-games-v2:20.1.2] AndroidManifest.xml:14:13-87
103            android:authorities="com.monstertruck.arena.playgamesinitprovider"
103-->[com.google.android.gms:play-services-games-v2:20.1.2] AndroidManifest.xml:15:13-73
104            android:exported="false"
104-->[com.google.android.gms:play-services-games-v2:20.1.2] AndroidManifest.xml:16:13-37
105            android:initOrder="99" />
105-->[com.google.android.gms:play-services-games-v2:20.1.2] AndroidManifest.xml:17:13-35
106
107        <activity
107-->[com.google.android.gms:play-services-games-v2:20.1.2] AndroidManifest.xml:19:9-22:62
108            android:name="com.google.android.gms.games.internal.v2.resolution.GamesResolutionActivity"
108-->[com.google.android.gms:play-services-games-v2:20.1.2] AndroidManifest.xml:20:13-103
109            android:exported="false"
109-->[com.google.android.gms:play-services-games-v2:20.1.2] AndroidManifest.xml:21:13-37
110            android:theme="@style/Theme.Games.Transparent" />
110-->[com.google.android.gms:play-services-games-v2:20.1.2] AndroidManifest.xml:22:13-59
111        <activity
111-->[com.google.android.gms:play-services-games-v2:20.1.2] AndroidManifest.xml:23:9-26:62
112            android:name="com.google.android.gms.games.internal.v2.appshortcuts.PlayGamesAppShortcutsActivity"
112-->[com.google.android.gms:play-services-games-v2:20.1.2] AndroidManifest.xml:24:13-111
113            android:exported="true"
113-->[com.google.android.gms:play-services-games-v2:20.1.2] AndroidManifest.xml:25:13-36
114            android:theme="@style/Theme.Games.Transparent" />
114-->[com.google.android.gms:play-services-games-v2:20.1.2] AndroidManifest.xml:26:13-59
115
116        <meta-data
116-->[com.google.android.gms:play-services-games-v2:20.1.2] AndroidManifest.xml:28:9-30:62
117            android:name="com.google.android.gms.games.version"
117-->[com.google.android.gms:play-services-games-v2:20.1.2] AndroidManifest.xml:29:13-64
118            android:value="@string/play_games_sdk_version" />
118-->[com.google.android.gms:play-services-games-v2:20.1.2] AndroidManifest.xml:30:13-59
119
120        <activity
120-->[com.google.android.gms:play-services-auth:21.5.1] AndroidManifest.xml:23:9-27:75
121            android:name="com.google.android.gms.auth.api.signin.internal.SignInHubActivity"
121-->[com.google.android.gms:play-services-auth:21.5.1] AndroidManifest.xml:24:13-93
122            android:excludeFromRecents="true"
122-->[com.google.android.gms:play-services-auth:21.5.1] AndroidManifest.xml:25:13-46
123            android:exported="false"
123-->[com.google.android.gms:play-services-auth:21.5.1] AndroidManifest.xml:26:13-37
124            android:theme="@android:style/Theme.Translucent.NoTitleBar" />
124-->[com.google.android.gms:play-services-auth:21.5.1] AndroidManifest.xml:27:13-72
125        <!--
126            Service handling Google Sign-In user revocation. For apps that do not integrate with
127            Google Sign-In, this service will never be started.
128        -->
129        <service
129-->[com.google.android.gms:play-services-auth:21.5.1] AndroidManifest.xml:33:9-37:51
130            android:name="com.google.android.gms.auth.api.signin.RevocationBoundService"
130-->[com.google.android.gms:play-services-auth:21.5.1] AndroidManifest.xml:34:13-89
131            android:exported="true"
131-->[com.google.android.gms:play-services-auth:21.5.1] AndroidManifest.xml:35:13-36
132            android:permission="com.google.android.gms.auth.api.signin.permission.REVOCATION_NOTIFICATION"
132-->[com.google.android.gms:play-services-auth:21.5.1] AndroidManifest.xml:36:13-107
133            android:visibleToInstantApps="true" />
133-->[com.google.android.gms:play-services-auth:21.5.1] AndroidManifest.xml:37:13-48
134
135        <provider
135-->[com.google.android.gms:play-services-ads-api:25.0.0] AndroidManifest.xml:81:9-86:43
136            android:name="com.google.android.gms.ads.MobileAdsInitProvider"
136-->[com.google.android.gms:play-services-ads-api:25.0.0] AndroidManifest.xml:82:13-76
137            android:authorities="com.monstertruck.arena.mobileadsinitprovider"
137-->[com.google.android.gms:play-services-ads-api:25.0.0] AndroidManifest.xml:83:13-73
138            android:exported="false"
138-->[com.google.android.gms:play-services-ads-api:25.0.0] AndroidManifest.xml:84:13-37
139            android:initOrder="100" />
139-->[com.google.android.gms:play-services-ads-api:25.0.0] AndroidManifest.xml:85:13-36
140
141        <service
141-->[com.google.android.gms:play-services-ads-api:25.0.0] AndroidManifest.xml:88:9-92:43
142            android:name="com.google.android.gms.ads.AdService"
142-->[com.google.android.gms:play-services-ads-api:25.0.0] AndroidManifest.xml:89:13-64
143            android:enabled="true"
143-->[com.google.android.gms:play-services-ads-api:25.0.0] AndroidManifest.xml:90:13-35
144            android:exported="false" />
144-->[com.google.android.gms:play-services-ads-api:25.0.0] AndroidManifest.xml:91:13-37
145
146        <activity
146-->[com.google.android.gms:play-services-ads-api:25.0.0] AndroidManifest.xml:94:9-98:43
147            android:name="com.google.android.gms.ads.OutOfContextTestingActivity"
147-->[com.google.android.gms:play-services-ads-api:25.0.0] AndroidManifest.xml:95:13-82
148            android:configChanges="keyboard|keyboardHidden|orientation|screenLayout|uiMode|screenSize|smallestScreenSize"
148-->[com.google.android.gms:play-services-ads-api:25.0.0] AndroidManifest.xml:96:13-122
149            android:exported="false" />
149-->[com.google.android.gms:play-services-ads-api:25.0.0] AndroidManifest.xml:97:13-37
150        <activity
150-->[com.google.android.gms:play-services-ads-api:25.0.0] AndroidManifest.xml:99:9-106:43
151            android:name="com.google.android.gms.ads.NotificationHandlerActivity"
151-->[com.google.android.gms:play-services-ads-api:25.0.0] AndroidManifest.xml:100:13-82
152            android:excludeFromRecents="true"
152-->[com.google.android.gms:play-services-ads-api:25.0.0] AndroidManifest.xml:101:13-46
153            android:exported="false"
153-->[com.google.android.gms:play-services-ads-api:25.0.0] AndroidManifest.xml:102:13-37
154            android:launchMode="singleTask"
154-->[com.google.android.gms:play-services-ads-api:25.0.0] AndroidManifest.xml:103:13-44
155            android:taskAffinity=""
155-->[com.google.android.gms:play-services-ads-api:25.0.0] AndroidManifest.xml:104:13-36
156            android:theme="@android:style/Theme.Translucent.NoTitleBar" />
156-->[com.google.android.gms:play-services-ads-api:25.0.0] AndroidManifest.xml:105:13-72
157
158        <meta-data
158-->[com.google.android.gms:play-services-ads-api:25.0.0] AndroidManifest.xml:108:9-110:36
159            android:name="com.google.android.gms.ads.flag.OPTIMIZE_AD_LOADING"
159-->[com.google.android.gms:play-services-ads-api:25.0.0] AndroidManifest.xml:109:13-79
160            android:value="true" />
160-->[com.google.android.gms:play-services-ads-api:25.0.0] AndroidManifest.xml:110:13-33
161        <meta-data
161-->[com.google.android.gms:play-services-ads-api:25.0.0] AndroidManifest.xml:111:9-113:36
162            android:name="com.google.android.gms.ads.flag.OPTIMIZE_INITIALIZATION"
162-->[com.google.android.gms:play-services-ads-api:25.0.0] AndroidManifest.xml:112:13-83
163            android:value="true" />
163-->[com.google.android.gms:play-services-ads-api:25.0.0] AndroidManifest.xml:113:13-33
164
165        <activity
165-->[com.google.android.gms:play-services-base:18.5.0] AndroidManifest.xml:5:9-173
166            android:name="com.google.android.gms.common.api.GoogleApiActivity"
166-->[com.google.android.gms:play-services-base:18.5.0] AndroidManifest.xml:5:19-85
167            android:exported="false"
167-->[com.google.android.gms:play-services-base:18.5.0] AndroidManifest.xml:5:146-170
168            android:theme="@android:style/Theme.Translucent.NoTitleBar" />
168-->[com.google.android.gms:play-services-base:18.5.0] AndroidManifest.xml:5:86-145
169
170        <uses-library
170-->[androidx.privacysandbox.ads:ads-adservices:1.0.0-beta05] AndroidManifest.xml:23:9-25:40
171            android:name="android.ext.adservices"
171-->[androidx.privacysandbox.ads:ads-adservices:1.0.0-beta05] AndroidManifest.xml:24:13-50
172            android:required="false" />
172-->[androidx.privacysandbox.ads:ads-adservices:1.0.0-beta05] AndroidManifest.xml:25:13-37
173
174        <provider
174-->[androidx.work:work-runtime:2.7.0] AndroidManifest.xml:31:9-39:20
175            android:name="androidx.startup.InitializationProvider"
175-->[androidx.work:work-runtime:2.7.0] AndroidManifest.xml:32:13-67
176            android:authorities="com.monstertruck.arena.androidx-startup"
176-->[androidx.work:work-runtime:2.7.0] AndroidManifest.xml:33:13-68
177            android:exported="false" >
177-->[androidx.work:work-runtime:2.7.0] AndroidManifest.xml:34:13-37
178            <meta-data
178-->[androidx.work:work-runtime:2.7.0] AndroidManifest.xml:36:13-38:52
179                android:name="androidx.work.WorkManagerInitializer"
179-->[androidx.work:work-runtime:2.7.0] AndroidManifest.xml:37:17-68
180                android:value="androidx.startup" />
180-->[androidx.work:work-runtime:2.7.0] AndroidManifest.xml:38:17-49
181        </provider>
182
183        <service
183-->[androidx.work:work-runtime:2.7.0] AndroidManifest.xml:41:9-46:35
184            android:name="androidx.work.impl.background.systemalarm.SystemAlarmService"
184-->[androidx.work:work-runtime:2.7.0] AndroidManifest.xml:42:13-88
185            android:directBootAware="false"
185-->[androidx.work:work-runtime:2.7.0] AndroidManifest.xml:43:13-44
186            android:enabled="@bool/enable_system_alarm_service_default"
186-->[androidx.work:work-runtime:2.7.0] AndroidManifest.xml:44:13-72
187            android:exported="false" />
187-->[androidx.work:work-runtime:2.7.0] AndroidManifest.xml:45:13-37
188        <service
188-->[androidx.work:work-runtime:2.7.0] AndroidManifest.xml:47:9-53:35
189            android:name="androidx.work.impl.background.systemjob.SystemJobService"
189-->[androidx.work:work-runtime:2.7.0] AndroidManifest.xml:48:13-84
190            android:directBootAware="false"
190-->[androidx.work:work-runtime:2.7.0] AndroidManifest.xml:49:13-44
191            android:enabled="@bool/enable_system_job_service_default"
191-->[androidx.work:work-runtime:2.7.0] AndroidManifest.xml:50:13-70
192            android:exported="true"
192-->[androidx.work:work-runtime:2.7.0] AndroidManifest.xml:51:13-36
193            android:permission="android.permission.BIND_JOB_SERVICE" />
193-->[androidx.work:work-runtime:2.7.0] AndroidManifest.xml:52:13-69
194        <service
194-->[androidx.work:work-runtime:2.7.0] AndroidManifest.xml:54:9-59:35
195            android:name="androidx.work.impl.foreground.SystemForegroundService"
195-->[androidx.work:work-runtime:2.7.0] AndroidManifest.xml:55:13-81
196            android:directBootAware="false"
196-->[androidx.work:work-runtime:2.7.0] AndroidManifest.xml:56:13-44
197            android:enabled="@bool/enable_system_foreground_service_default"
197-->[androidx.work:work-runtime:2.7.0] AndroidManifest.xml:57:13-77
198            android:exported="false" />
198-->[androidx.work:work-runtime:2.7.0] AndroidManifest.xml:58:13-37
199
200        <receiver
200-->[androidx.work:work-runtime:2.7.0] AndroidManifest.xml:61:9-66:35
201            android:name="androidx.work.impl.utils.ForceStopRunnable$BroadcastReceiver"
201-->[androidx.work:work-runtime:2.7.0] AndroidManifest.xml:62:13-88
202            android:directBootAware="false"
202-->[androidx.work:work-runtime:2.7.0] AndroidManifest.xml:63:13-44
203            android:enabled="true"
203-->[androidx.work:work-runtime:2.7.0] AndroidManifest.xml:64:13-35
204            android:exported="false" />
204-->[androidx.work:work-runtime:2.7.0] AndroidManifest.xml:65:13-37
205        <receiver
205-->[androidx.work:work-runtime:2.7.0] AndroidManifest.xml:67:9-77:20
206            android:name="androidx.work.impl.background.systemalarm.ConstraintProxy$BatteryChargingProxy"
206-->[androidx.work:work-runtime:2.7.0] AndroidManifest.xml:68:13-106
207            android:directBootAware="false"
207-->[androidx.work:work-runtime:2.7.0] AndroidManifest.xml:69:13-44
208            android:enabled="false"
208-->[androidx.work:work-runtime:2.7.0] AndroidManifest.xml:70:13-36
209            android:exported="false" >
209-->[androidx.work:work-runtime:2.7.0] AndroidManifest.xml:71:13-37
210            <intent-filter>
210-->[androidx.work:work-runtime:2.7.0] AndroidManifest.xml:73:13-76:29
211                <action android:name="android.intent.action.ACTION_POWER_CONNECTED" />
211-->[androidx.work:work-runtime:2.7.0] AndroidManifest.xml:74:17-87
211-->[androidx.work:work-runtime:2.7.0] AndroidManifest.xml:74:25-84
212                <action android:name="android.intent.action.ACTION_POWER_DISCONNECTED" />
212-->[androidx.work:work-runtime:2.7.0] AndroidManifest.xml:75:17-90
212-->[androidx.work:work-runtime:2.7.0] AndroidManifest.xml:75:25-87
213            </intent-filter>
214        </receiver>
215        <receiver
215-->[androidx.work:work-runtime:2.7.0] AndroidManifest.xml:78:9-88:20
216            android:name="androidx.work.impl.background.systemalarm.ConstraintProxy$BatteryNotLowProxy"
216-->[androidx.work:work-runtime:2.7.0] AndroidManifest.xml:79:13-104
217            android:directBootAware="false"
217-->[androidx.work:work-runtime:2.7.0] AndroidManifest.xml:80:13-44
218            android:enabled="false"
218-->[androidx.work:work-runtime:2.7.0] AndroidManifest.xml:81:13-36
219            android:exported="false" >
219-->[androidx.work:work-runtime:2.7.0] AndroidManifest.xml:82:13-37
220            <intent-filter>
220-->[androidx.work:work-runtime:2.7.0] AndroidManifest.xml:84:13-87:29
221                <action android:name="android.intent.action.BATTERY_OKAY" />
221-->[androidx.work:work-runtime:2.7.0] AndroidManifest.xml:85:17-77
221-->[androidx.work:work-runtime:2.7.0] AndroidManifest.xml:85:25-74
222                <action android:name="android.intent.action.BATTERY_LOW" />
222-->[androidx.work:work-runtime:2.7.0] AndroidManifest.xml:86:17-76
222-->[androidx.work:work-runtime:2.7.0] AndroidManifest.xml:86:25-73
223            </intent-filter>
224        </receiver>
225        <receiver
225-->[androidx.work:work-runtime:2.7.0] AndroidManifest.xml:89:9-99:20
226            android:name="androidx.work.impl.background.systemalarm.ConstraintProxy$StorageNotLowProxy"
226-->[androidx.work:work-runtime:2.7.0] AndroidManifest.xml:90:13-104
227            android:directBootAware="false"
227-->[androidx.work:work-runtime:2.7.0] AndroidManifest.xml:91:13-44
228            android:enabled="false"
228-->[androidx.work:work-runtime:2.7.0] AndroidManifest.xml:92:13-36
229            android:exported="false" >
229-->[androidx.work:work-runtime:2.7.0] AndroidManifest.xml:93:13-37
230            <intent-filter>
230-->[androidx.work:work-runtime:2.7.0] AndroidManifest.xml:95:13-98:29
231                <action android:name="android.intent.action.DEVICE_STORAGE_LOW" />
231-->[androidx.work:work-runtime:2.7.0] AndroidManifest.xml:96:17-83
231-->[androidx.work:work-runtime:2.7.0] AndroidManifest.xml:96:25-80
232                <action android:name="android.intent.action.DEVICE_STORAGE_OK" />
232-->[androidx.work:work-runtime:2.7.0] AndroidManifest.xml:97:17-82
232-->[androidx.work:work-runtime:2.7.0] AndroidManifest.xml:97:25-79
233            </intent-filter>
234        </receiver>
235        <receiver
235-->[androidx.work:work-runtime:2.7.0] AndroidManifest.xml:100:9-109:20
236            android:name="androidx.work.impl.background.systemalarm.ConstraintProxy$NetworkStateProxy"
236-->[androidx.work:work-runtime:2.7.0] AndroidManifest.xml:101:13-103
237            android:directBootAware="false"
237-->[androidx.work:work-runtime:2.7.0] AndroidManifest.xml:102:13-44
238            android:enabled="false"
238-->[androidx.work:work-runtime:2.7.0] AndroidManifest.xml:103:13-36
239            android:exported="false" >
239-->[androidx.work:work-runtime:2.7.0] AndroidManifest.xml:104:13-37
240            <intent-filter>
240-->[androidx.work:work-runtime:2.7.0] AndroidManifest.xml:106:13-108:29
241                <action android:name="android.net.conn.CONNECTIVITY_CHANGE" />
241-->[androidx.work:work-runtime:2.7.0] AndroidManifest.xml:107:17-79
241-->[androidx.work:work-runtime:2.7.0] AndroidManifest.xml:107:25-76
242            </intent-filter>
243        </receiver>
244        <receiver
244-->[androidx.work:work-runtime:2.7.0] AndroidManifest.xml:110:9-121:20
245            android:name="androidx.work.impl.background.systemalarm.RescheduleReceiver"
245-->[androidx.work:work-runtime:2.7.0] AndroidManifest.xml:111:13-88
246            android:directBootAware="false"
246-->[androidx.work:work-runtime:2.7.0] AndroidManifest.xml:112:13-44
247            android:enabled="false"
247-->[androidx.work:work-runtime:2.7.0] AndroidManifest.xml:113:13-36
248            android:exported="false" >
248-->[androidx.work:work-runtime:2.7.0] AndroidManifest.xml:114:13-37
249            <intent-filter>
249-->[androidx.work:work-runtime:2.7.0] AndroidManifest.xml:116:13-120:29
250                <action android:name="android.intent.action.BOOT_COMPLETED" />
250-->[androidx.work:work-runtime:2.7.0] AndroidManifest.xml:117:17-79
250-->[androidx.work:work-runtime:2.7.0] AndroidManifest.xml:117:25-76
251                <action android:name="android.intent.action.TIME_SET" />
251-->[androidx.work:work-runtime:2.7.0] AndroidManifest.xml:118:17-73
251-->[androidx.work:work-runtime:2.7.0] AndroidManifest.xml:118:25-70
252                <action android:name="android.intent.action.TIMEZONE_CHANGED" />
252-->[androidx.work:work-runtime:2.7.0] AndroidManifest.xml:119:17-81
252-->[androidx.work:work-runtime:2.7.0] AndroidManifest.xml:119:25-78
253            </intent-filter>
254        </receiver>
255        <receiver
255-->[androidx.work:work-runtime:2.7.0] AndroidManifest.xml:122:9-131:20
256            android:name="androidx.work.impl.background.systemalarm.ConstraintProxyUpdateReceiver"
256-->[androidx.work:work-runtime:2.7.0] AndroidManifest.xml:123:13-99
257            android:directBootAware="false"
257-->[androidx.work:work-runtime:2.7.0] AndroidManifest.xml:124:13-44
258            android:enabled="@bool/enable_system_alarm_service_default"
258-->[androidx.work:work-runtime:2.7.0] AndroidManifest.xml:125:13-72
259            android:exported="false" >
259-->[androidx.work:work-runtime:2.7.0] AndroidManifest.xml:126:13-37
260            <intent-filter>
260-->[androidx.work:work-runtime:2.7.0] AndroidManifest.xml:128:13-130:29
261                <action android:name="androidx.work.impl.background.systemalarm.UpdateProxies" />
261-->[androidx.work:work-runtime:2.7.0] AndroidManifest.xml:129:17-98
261-->[androidx.work:work-runtime:2.7.0] AndroidManifest.xml:129:25-95
262            </intent-filter>
263        </receiver>
264        <receiver
264-->[androidx.work:work-runtime:2.7.0] AndroidManifest.xml:132:9-142:20
265            android:name="androidx.work.impl.diagnostics.DiagnosticsReceiver"
265-->[androidx.work:work-runtime:2.7.0] AndroidManifest.xml:133:13-78
266            android:directBootAware="false"
266-->[androidx.work:work-runtime:2.7.0] AndroidManifest.xml:134:13-44
267            android:enabled="true"
267-->[androidx.work:work-runtime:2.7.0] AndroidManifest.xml:135:13-35
268            android:exported="true"
268-->[androidx.work:work-runtime:2.7.0] AndroidManifest.xml:136:13-36
269            android:permission="android.permission.DUMP" >